[07-Aug-2024 23:40:44 Asia/Ho_Chi_Minh] PHP Fatal error:  Uncaught TypeError: number_format(): Argument #1 ($num) must be of type float, string given in C:\Users\664VN\OneDrive\Documents\GitHub\Website_Ban_Hang\Du_an_1\App\Views\Client\Pages\Checkout\Index.php:104
Stack trace:
#0 C:\Users\664VN\OneDrive\Documents\GitHub\Website_Ban_Hang\Du_an_1\App\Views\Client\Pages\Checkout\Index.php(104): number_format()
#1 C:\Users\664VN\OneDrive\Documents\GitHub\Website_Ban_Hang\Du_an_1\App\Controllers\Client\CheckoutController.php(20): App\Views\Client\Pages\Checkout\Index::render()
#2 C:\Users\664VN\OneDrive\Documents\GitHub\Website_Ban_Hang\Du_an_1\App\Route.php(82): App\Controllers\Client\CheckoutController::index()
#3 C:\Users\664VN\OneDrive\Documents\GitHub\Website_Ban_Hang\Du_an_1\index.php(162): App\Route::dispatch()
#4 {main}
  thrown in C:\Users\664VN\OneDrive\Documents\GitHub\Website_Ban_Hang\Du_an_1\App\Views\Client\Pages\Checkout\Index.php on line 104
[07-Aug-2024 23:40:52 Asia/Ho_Chi_Minh] PHP Fatal error:  Uncaught TypeError: number_format(): Argument #1 ($num) must be of type float, string given in C:\Users\664VN\OneDrive\Documents\GitHub\Website_Ban_Hang\Du_an_1\App\Views\Client\Pages\Checkout\Index.php:104
Stack trace:
#0 C:\Users\664VN\OneDrive\Documents\GitHub\Website_Ban_Hang\Du_an_1\App\Views\Client\Pages\Checkout\Index.php(104): number_format()
#1 C:\Users\664VN\OneDrive\Documents\GitHub\Website_Ban_Hang\Du_an_1\App\Controllers\Client\CheckoutController.php(20): App\Views\Client\Pages\Checkout\Index::render()
#2 C:\Users\664VN\OneDrive\Documents\GitHub\Website_Ban_Hang\Du_an_1\App\Route.php(82): App\Controllers\Client\CheckoutController::index()
#3 C:\Users\664VN\OneDrive\Documents\GitHub\Website_Ban_Hang\Du_an_1\index.php(162): App\Route::dispatch()
#4 {main}
  thrown in C:\Users\664VN\OneDrive\Documents\GitHub\Website_Ban_Hang\Du_an_1\App\Views\Client\Pages\Checkout\Index.php on line 104
[07-Aug-2024 23:42:37 Asia/Ho_Chi_Minh] PHP Fatal error:  Uncaught TypeError: number_format(): Argument #1 ($num) must be of type float, string given in C:\Users\664VN\OneDrive\Documents\GitHub\Website_Ban_Hang\Du_an_1\App\Views\Client\Pages\Checkout\Index.php:115
Stack trace:
#0 C:\Users\664VN\OneDrive\Documents\GitHub\Website_Ban_Hang\Du_an_1\App\Views\Client\Pages\Checkout\Index.php(115): number_format()
#1 C:\Users\664VN\OneDrive\Documents\GitHub\Website_Ban_Hang\Du_an_1\App\Controllers\Client\CheckoutController.php(20): App\Views\Client\Pages\Checkout\Index::render()
#2 C:\Users\664VN\OneDrive\Documents\GitHub\Website_Ban_Hang\Du_an_1\App\Route.php(82): App\Controllers\Client\CheckoutController::index()
#3 C:\Users\664VN\OneDrive\Documents\GitHub\Website_Ban_Hang\Du_an_1\index.php(162): App\Route::dispatch()
#4 {main}
  thrown in C:\Users\664VN\OneDrive\Documents\GitHub\Website_Ban_Hang\Du_an_1\App\Views\Client\Pages\Checkout\Index.php on line 115
[07-Aug-2024 23:43:10 Asia/Ho_Chi_Minh] PHP Warning:  Cannot modify header information - headers already sent by (output started at C:\Users\664VN\OneDrive\Documents\GitHub\Website_Ban_Hang\Du_an_1\App\Views\Client\Layouts\Header.php:85) in C:\Users\664VN\OneDrive\Documents\GitHub\Website_Ban_Hang\Du_an_1\App\Helpers\AuthHelper.php on line 94
[08-Aug-2024 22:49:22 Asia/Ho_Chi_Minh] PHP Warning:  Undefined array key "image" in C:\Users\664VN\OneDrive\Documents\GitHub\Website_Ban_Hang\Du_an_1\App\Views\Client\Pages\Checkout\Index.php on line 62
[08-Aug-2024 22:49:50 Asia/Ho_Chi_Minh] PHP Warning:  Undefined array key "image" in C:\Users\664VN\OneDrive\Documents\GitHub\Website_Ban_Hang\Du_an_1\App\Views\Client\Pages\Checkout\Index.php on line 62
[08-Aug-2024 23:49:10 Asia/Ho_Chi_Minh] PHP Warning:  Undefined array key "username" in C:\Users\664VN\OneDrive\Documents\GitHub\Website_Ban_Hang\Du_an_1\App\Views\Client\Pages\Checkout\Index.php on line 44
[08-Aug-2024 23:49:55 Asia/Ho_Chi_Minh] PHP Warning:  Undefined array key "data" in C:\Users\664VN\OneDrive\Documents\GitHub\Website_Ban_Hang\Du_an_1\App\Views\Client\Pages\Checkout\Index.php on line 44
[08-Aug-2024 23:49:55 Asia/Ho_Chi_Minh] PHP Warning:  Trying to access array offset on value of type null in C:\Users\664VN\OneDrive\Documents\GitHub\Website_Ban_Hang\Du_an_1\App\Views\Client\Pages\Checkout\Index.php on line 44
[08-Aug-2024 23:52:03 Asia/Ho_Chi_Minh] PHP Warning:  Undefined array key "data" in C:\Users\664VN\OneDrive\Documents\GitHub\Website_Ban_Hang\Du_an_1\App\Views\Client\Pages\Checkout\Index.php on line 44
[08-Aug-2024 23:52:03 Asia/Ho_Chi_Minh] PHP Warning:  Trying to access array offset on value of type null in C:\Users\664VN\OneDrive\Documents\GitHub\Website_Ban_Hang\Du_an_1\App\Views\Client\Pages\Checkout\Index.php on line 44
[09-Aug-2024 00:13:16 Asia/Ho_Chi_Minh] PHP Warning:  Undefined variable $part1 in C:\Users\664VN\OneDrive\Documents\GitHub\Website_Ban_Hang\Du_an_1\App\Route.php on line 85
[09-Aug-2024 00:14:30 Asia/Ho_Chi_Minh] PHP Fatal error:  Uncaught Error: Class "Du_an_1\App\Validations\CheckoutValidation" not found in C:\Users\664VN\OneDrive\Documents\GitHub\Website_Ban_Hang\Du_an_1\App\Controllers\Client\CheckoutController.php:48
Stack trace:
#0 C:\Users\664VN\OneDrive\Documents\GitHub\Website_Ban_Hang\Du_an_1\App\Route.php(82): App\Controllers\Client\CheckoutController::store()
#1 C:\Users\664VN\OneDrive\Documents\GitHub\Website_Ban_Hang\Du_an_1\index.php(163): App\Route::dispatch()
#2 {main}
  thrown in C:\Users\664VN\OneDrive\Documents\GitHub\Website_Ban_Hang\Du_an_1\App\Controllers\Client\CheckoutController.php on line 48
[09-Aug-2024 00:17:05 Asia/Ho_Chi_Minh] PHP Warning:  Undefined array key "name" in C:\Users\664VN\OneDrive\Documents\GitHub\Website_Ban_Hang\Du_an_1\App\Controllers\Client\CheckoutController.php on line 59
[09-Aug-2024 00:17:05 Asia/Ho_Chi_Minh] PHP Warning:  Undefined array key "email" in C:\Users\664VN\OneDrive\Documents\GitHub\Website_Ban_Hang\Du_an_1\App\Controllers\Client\CheckoutController.php on line 60
[09-Aug-2024 00:17:05 Asia/Ho_Chi_Minh] Lỗi khi thêm dữ liệu: Unknown column 'name' in 'field list'
[09-Aug-2024 00:20:41 Asia/Ho_Chi_Minh] PHP Warning:  Undefined array key "id" in C:\Users\664VN\OneDrive\Documents\GitHub\Website_Ban_Hang\Du_an_1\App\Controllers\Client\CheckoutController.php on line 59
[09-Aug-2024 00:20:41 Asia/Ho_Chi_Minh] Lỗi khi thêm dữ liệu: Incorrect integer value: '' for column 'id' at row 1
[09-Aug-2024 00:21:17 Asia/Ho_Chi_Minh] Lỗi khi thêm dữ liệu: Field 'user_id' doesn't have a default value
[09-Aug-2024 00:21:52 Asia/Ho_Chi_Minh] Lỗi khi thêm dữ liệu: Field 'user_id' doesn't have a default value
[09-Aug-2024 00:27:16 Asia/Ho_Chi_Minh] PHP Warning:  Cannot modify header information - headers already sent by (output started at C:\Users\664VN\OneDrive\Documents\GitHub\Website_Ban_Hang\Du_an_1\App\Views\Client\Layouts\Header.php:85) in C:\Users\664VN\OneDrive\Documents\GitHub\Website_Ban_Hang\Du_an_1\App\Helpers\AuthHelper.php on line 94
[09-Aug-2024 00:27:34 Asia/Ho_Chi_Minh] PHP Warning:  Cannot modify header information - headers already sent by (output started at C:\Users\664VN\OneDrive\Documents\GitHub\Website_Ban_Hang\Du_an_1\App\Views\Client\Layouts\Header.php:85) in C:\Users\664VN\OneDrive\Documents\GitHub\Website_Ban_Hang\Du_an_1\App\Helpers\AuthHelper.php on line 94
[09-Aug-2024 00:56:59 Asia/Ho_Chi_Minh] Lỗi khi thêm dữ liệu: Field 'user_id' doesn't have a default value
